-Xajruntimetarget:1.5
-Xlint:ignore
-1.7
-encoding
UTF-8
-showWeaveInfo
-source
1.7
-target
1.7
-verbose
-classpath
D:\tools\repository\mx\org\inegi\geo\map-amca\0.0.1-SNAPSHOT\map-amca-0.0.1-SNAPSHOT.jar;D:\tools\repository\mx\org\inegi\geo\map-stratification\0.0.1-SNAPSHOT\map-stratification-0.0.1-SNAPSHOT.jar;D:\tools\repository\mx\org\inegi\geo\map-theme\0.0.1-SNAPSHOT\map-theme-0.0.1-SNAPSHOT.jar;D:\tools\repository\mx\org\inegi\geo\map-common\0.0.1-SNAPSHOT\map-common-0.0.1-SNAPSHOT.jar;D:\tools\repository\mx\org\inegi\geo\map-connection\0.0.1-SNAPSHOT\map-connection-0.0.1-SNAPSHOT.jar;D:\tools\repository\mx\org\inegi\geo\map-xml\0.0.1-SNAPSHOT\map-xml-0.0.1-SNAPSHOT.jar;D:\tools\repository\mx\org\inegi\geo\widget-geoelectorales\0.0.1-SNAPSHOT\widget-geoelectorales-0.0.1-SNAPSHOT.jar;D:\tools\repository\mx\org\inegi\geo\widget-mxsig-theme\0.0.1-SNAPSHOT\widget-mxsig-theme-0.0.1-SNAPSHOT.jar;D:\tools\repository\mx\org\inegi\geo\widget-eod\0.0.1-SNAPSHOT\widget-eod-0.0.1-SNAPSHOT.jar;D:\tools\repository\mx\org\inegi\geo\map-fake-login\0.0.1-SNAPSHOT\map-fake-login-0.0.1-SNAPSHOT.jar;D:\tools\repository\mx\org\inegi\geo\map-curso\0.0.1-SNAPSHOT\map-curso-0.0.1-SNAPSHOT.jar;D:\tools\repository\org\springframework\data\spring-data-solr\1.5.5.RELEASE\spring-data-solr-1.5.5.RELEASE.jar;D:\tools\repository\org\springframework\spring-webmvc\4.2.5.RELEASE\spring-webmvc-4.2.5.RELEASE.jar;D:\tools\repository\org\springframework\spring-web\4.2.5.RELEASE\spring-web-4.2.5.RELEASE.jar;D:\tools\repository\org\springframework\spring-jdbc\4.2.5.RELEASE\spring-jdbc-4.2.5.RELEASE.jar;D:\tools\repository\org\springframework\spring-context\4.2.5.RELEASE\spring-context-4.2.5.RELEASE.jar;D:\tools\repository\org\springframework\spring-oxm\4.2.5.RELEASE\spring-oxm-4.2.5.RELEASE.jar;D:\tools\repository\org\springframework\spring-expression\4.2.5.RELEASE\spring-expression-4.2.5.RELEASE.jar;D:\tools\repository\org\springframework\spring-aop\4.2.5.RELEASE\spring-aop-4.2.5.RELEASE.jar;D:\tools\repository\aopalliance\aopalliance\1.0\aopalliance-1.0.jar;D:\tools\repository\org\springframework\spring-test\4.2.5.RELEASE\spring-test-4.2.5.RELEASE.jar;D:\tools\repository\org\aspectj\aspectjweaver\1.8.5\aspectjweaver-1.8.5.jar;D:\tools\repository\org\aspectj\aspectjrt\1.8.5\aspectjrt-1.8.5.jar;D:\tools\repository\org\mybatis\mybatis\3.3.0\mybatis-3.3.0.jar;D:\tools\repository\org\mybatis\mybatis-spring\1.3.0\mybatis-spring-1.3.0.jar;D:\tools\repository\org\hibernate\hibernate-validator\5.1.2.Final\hibernate-validator-5.1.2.Final.jar;D:\tools\repository\com\fasterxml\jackson\core\jackson-core\2.4.2\jackson-core-2.4.2.jar;D:\tools\repository\com\fasterxml\jackson\core\jackson-databind\2.4.2\jackson-databind-2.4.2.jar;D:\tools\repository\junit\junit\4.12\junit-4.12.jar;D:\tools\repository\org\postgresql\postgresql\9.3-1102-jdbc41\postgresql-9.3-1102-jdbc41.jar;D:\tools\repository\log4j\log4j\1.2.17\log4j-1.2.17.jar;D:\tools\repository\org\slf4j\slf4j-api\1.7.25\slf4j-api-1.7.25.jar;D:\tools\repository\org\slf4j\slf4j-log4j12\1.7.25\slf4j-log4j12-1.7.25.jar;D:\tools\repository\javax\servlet\javax.servlet-api\3.1.0\javax.servlet-api-3.1.0.jar;D:\tools\repository\javax\servlet\jsp\jstl\jstl\1.2\jstl-1.2.jar;D:\tools\repository\javax\servlet\jsp\jsp-api\2.2\jsp-api-2.2.jar;D:\tools\repository\com\googlecode\json-simple\json-simple\1.1.1\json-simple-1.1.1.jar;D:\tools\repository\com\google\code\gson\gson\2.3.1\gson-2.3.1.jar;D:\tools\repository\org\apache\poi\poi\3.10.1\poi-3.10.1.jar;D:\tools\repository\org\apache\poi\poi-ooxml\3.10.1\poi-ooxml-3.10.1.jar;D:\tools\repository\javax\mail\mail\1.4\mail-1.4.jar;D:\tools\repository\org\apache\commons\commons-email\1.3.3\commons-email-1.3.3.jar;D:\tools\repository\javax\activation\activation\1.1\activation-1.1.jar;D:\tools\repository\org\springframework\spring-context-support\4.0.6.RELEASE\spring-context-support-4.0.6.RELEASE.jar;D:\tools\repository\net\glxn\qrgen\1.4\qrgen-1.4.jar;D:\tools\repository\net\sf\opencsv\opencsv\2.3\opencsv-2.3.jar;D:\tools\repository\com\itextpdf\itextpdf\5.5.6\itextpdf-5.5.6.jar;D:\tools\repository\nl\cloudfarming\client\lib-geotools\2.7.7-NB72\lib-geotools-2.7.7-NB72.jar;D:\tools\repository\org\geotools\gt-jdbc\2.7.5\gt-jdbc-2.7.5.jar;D:\tools\repository\org\geotools\jdbc\gt-jdbc-postgis\2.7.5\gt-jdbc-postgis-2.7.5.jar;D:\tools\repository\org\geotools\gt-jts-wrapper\15.0\gt-jts-wrapper-15.0.jar;D:\tools\repository\com\hazelcast\hazelcast\3.8.4\hazelcast-3.8.4.jar;D:\tools\repository\com\hazelcast\hazelcast-client\3.8.4\hazelcast-client-3.8.4.jar;D:\tools\repository\mx\org\inegi\geo\geosistemas-fp\0.0.1-SNAPSHOT\geosistemas-fp-0.0.1-SNAPSHOT.jar;D:\tools\repository\org\springframework\spring-beans\4.2.5.RELEASE\spring-beans-4.2.5.RELEASE.jar;D:\tools\repository\org\springframework\spring-core\4.2.5.RELEASE\spring-core-4.2.5.RELEASE.jar;D:\tools\repository\org\apache\commons\commons-dbcp2\2.0.1\commons-dbcp2-2.0.1.jar;D:\tools\repository\org\apache\commons\commons-pool2\2.2\commons-pool2-2.2.jar;D:\tools\repository\org\springframework\spring-tx\4.2.5.RELEASE\spring-tx-4.2.5.RELEASE.jar;D:\tools\repository\commons-codec\commons-codec\1.6\commons-codec-1.6.jar;D:\tools\repository\commons-collections\commons-collections\3.2.1\commons-collections-3.2.1.jar;D:\tools\repository\javax\validation\validation-api\1.1.0.Final\validation-api-1.1.0.Final.jar;D:\tools\repository\org\jboss\logging\jboss-logging\3.1.3.GA\jboss-logging-3.1.3.GA.jar;D:\tools\repository\com\fasterxml\classmate\1.0.0\classmate-1.0.0.jar;D:\tools\repository\com\fasterxml\jackson\core\jackson-annotations\2.4.0\jackson-annotations-2.4.0.jar;D:\tools\repository\org\apache\poi\poi-ooxml-schemas\3.10.1\poi-ooxml-schemas-3.10.1.jar;D:\tools\repository\org\apache\xmlbeans\xmlbeans\2.6.0\xmlbeans-2.6.0.jar;D:\tools\repository\stax\stax-api\1.0.1\stax-api-1.0.1.jar;D:\tools\repository\dom4j\dom4j\1.6.1\dom4j-1.6.1.jar;D:\tools\repository\xml-apis\xml-apis\1.0.b2\xml-apis-1.0.b2.jar;D:\tools\repository\com\google\zxing\javase\3.0.0\javase-3.0.0.jar;D:\tools\repository\com\google\zxing\core\3.0.0\core-3.0.0.jar;D:\tools\repository\org\geotools\gt-api\2.7.5\gt-api-2.7.5.jar;D:\tools\repository\org\geotools\gt-main\2.7.5\gt-main-2.7.5.jar;D:\tools\repository\org\geotools\gt-metadata\2.7.5\gt-metadata-2.7.5.jar;D:\tools\repository\org\geotools\gt-referencing\2.7.5\gt-referencing-2.7.5.jar;D:\tools\repository\java3d\vecmath\1.3.2\vecmath-1.3.2.jar;D:\tools\repository\commons-pool\commons-pool\1.5.4\commons-pool-1.5.4.jar;D:\tools\repository\org\geotools\gt-shapefile\2.7.5\gt-shapefile-2.7.5.jar;D:\tools\repository\org\geotools\gt-swing\2.7.5\gt-swing-2.7.5.jar;D:\tools\repository\org\geotools\gt-wms\2.7.5\gt-wms-2.7.5.jar;D:\tools\repository\commons-httpclient\commons-httpclient\3.1\commons-httpclient-3.1.jar;D:\tools\repository\org\geotools\gt-xml\2.7.5\gt-xml-2.7.5.jar;D:\tools\repository\com\miglayout\miglayout\3.7\miglayout-3.7-swing.jar;D:\tools\repository\org\geotools\gt-render\2.7.5\gt-render-2.7.5.jar;D:\tools\repository\org\geotools\gt-cql\2.7.5\gt-cql-2.7.5.jar;D:\tools\repository\org\geotools\gt-epsg-hsql\8.0-M1\gt-epsg-hsql-8.0-M1.jar;D:\tools\repository\hsqldb\hsqldb\1.8.0.7\hsqldb-1.8.0.7.jar;D:\tools\repository\org\geotools\gt-coverage\2.7.5\gt-coverage-2.7.5.jar;D:\tools\repository\javax\media\jai_imageio\1.1\jai_imageio-1.1.jar;D:\tools\repository\it\geosolutions\imageio-ext\imageio-ext-tiff\1.1.3\imageio-ext-tiff-1.1.3.jar;D:\tools\repository\it\geosolutions\imageio-ext\imageio-ext-utilities\1.1.3\imageio-ext-utilities-1.1.3.jar;D:\tools\repository\javax\media\jai_codec\1.1.3\jai_codec-1.1.3.jar;D:\tools\repository\org\geotools\gt-geotiff\2.7.5\gt-geotiff-2.7.5.jar;D:\tools\repository\org\geotools\gt-opengis\2.7.5\gt-opengis-2.7.5.jar;D:\tools\repository\net\java\dev\jsr-275\jsr-275\1.0-beta-2\jsr-275-1.0-beta-2.jar;D:\tools\repository\org\geotools\gt-data\2.7.5\gt-data-2.7.5.jar;D:\tools\repository\commons-dbcp\commons-dbcp\1.3\commons-dbcp-1.3.jar;D:\tools\repository\javax\media\jai_core\1.1.3\jai_core-1.1.3.jar;D:\tools\repository\com\vividsolutions\jts\1.13\jts-1.13.jar;D:\tools\repository\commons-logging\commons-logging\1.1.1\commons-logging-1.1.1.jar;C:\Users\abraham.murillo\git\mdm\map\target\classes
-aspectpath
D:\tools\repository\mx\org\inegi\geo\map-common\0.0.1-SNAPSHOT\map-common-0.0.1-SNAPSHOT.jar
-d
C:\Users\abraham.murillo\git\mdm\map\target\classes
C:\Users\abraham.murillo\git\mdm\map\src\main\java\mx\org\inegi\geo\map\config\MapConfig.java
C:\Users\abraham.murillo\git\mdm\map\src\main\java\mx\org\inegi\geo\map\config\MapDispatcherInitializer.java
C:\Users\abraham.murillo\git\mdm\map\src\main\java\mx\org\inegi\geo\map\config\MvcConfig.java
C:\Users\abraham.murillo\git\mdm\map\src\main\java\mx\org\inegi\geo\map\context\ContextAttributes.java
C:\Users\abraham.murillo\git\mdm\map\src\main\java\mx\org\inegi\geo\map\denue\cluster\ClusterData.java
C:\Users\abraham.murillo\git\mdm\map\src\main\java\mx\org\inegi\geo\map\denue\cluster\Feature.java
C:\Users\abraham.murillo\git\mdm\map\src\main\java\mx\org\inegi\geo\map\denue\cluster\GetDataFromCluster.java
C:\Users\abraham.murillo\git\mdm\map\src\main\java\mx\org\inegi\geo\map\denue\cluster\PointFeature.java
C:\Users\abraham.murillo\git\mdm\map\src\main\java\mx\org\inegi\geo\map\domain\Ageb.java
C:\Users\abraham.murillo\git\mdm\map\src\main\java\mx\org\inegi\geo\map\domain\AmcaSelect.java
C:\Users\abraham.murillo\git\mdm\map\src\main\java\mx\org\inegi\geo\map\domain\AmcaTheme.java
C:\Users\abraham.murillo\git\mdm\map\src\main\java\mx\org\inegi\geo\map\domain\Buffer.java
C:\Users\abraham.murillo\git\mdm\map\src\main\java\mx\org\inegi\geo\map\domain\BufferSize.java
C:\Users\abraham.murillo\git\mdm\map\src\main\java\mx\org\inegi\geo\map\domain\CensoLabel.java
C:\Users\abraham.murillo\git\mdm\map\src\main\java\mx\org\inegi\geo\map\domain\Contact.java
C:\Users\abraham.murillo\git\mdm\map\src\main\java\mx\org\inegi\geo\map\domain\CvegeoPredicate.java
C:\Users\abraham.murillo\git\mdm\map\src\main\java\mx\org\inegi\geo\map\domain\FrenteManzana.java
C:\Users\abraham.murillo\git\mdm\map\src\main\java\mx\org\inegi\geo\map\domain\IndicadoresCG.java
C:\Users\abraham.murillo\git\mdm\map\src\main\java\mx\org\inegi\geo\map\domain\IndicatorsResultHandler.java
C:\Users\abraham.murillo\git\mdm\map\src\main\java\mx\org\inegi\geo\map\domain\Label.java
C:\Users\abraham.murillo\git\mdm\map\src\main\java\mx\org\inegi\geo\map\domain\Layer.java
C:\Users\abraham.murillo\git\mdm\map\src\main\java\mx\org\inegi\geo\map\domain\ListDenue.java
C:\Users\abraham.murillo\git\mdm\map\src\main\java\mx\org\inegi\geo\map\domain\Mail.java
C:\Users\abraham.murillo\git\mdm\map\src\main\java\mx\org\inegi\geo\map\domain\NameCvegeo.java
C:\Users\abraham.murillo\git\mdm\map\src\main\java\mx\org\inegi\geo\map\domain\NumeroExterior.java
C:\Users\abraham.murillo\git\mdm\map\src\main\java\mx\org\inegi\geo\map\domain\Pair.java
C:\Users\abraham.murillo\git\mdm\map\src\main\java\mx\org\inegi\geo\map\domain\ReverseGeocoding.java
C:\Users\abraham.murillo\git\mdm\map\src\main\java\mx\org\inegi\geo\map\domain\Scian.java
C:\Users\abraham.murillo\git\mdm\map\src\main\java\mx\org\inegi\geo\map\domain\ScianCount.java
C:\Users\abraham.murillo\git\mdm\map\src\main\java\mx\org\inegi\geo\map\domain\Sector.java
C:\Users\abraham.murillo\git\mdm\map\src\main\java\mx\org\inegi\geo\map\domain\Share.java
C:\Users\abraham.murillo\git\mdm\map\src\main\java\mx\org\inegi\geo\map\domain\Strata.java
C:\Users\abraham.murillo\git\mdm\map\src\main\java\mx\org\inegi\geo\map\domain\Stratification.java
C:\Users\abraham.murillo\git\mdm\map\src\main\java\mx\org\inegi\geo\map\domain\Theme.java
C:\Users\abraham.murillo\git\mdm\map\src\main\java\mx\org\inegi\geo\map\domain\ThemeCG.java
C:\Users\abraham.murillo\git\mdm\map\src\main\java\mx\org\inegi\geo\map\domain\Vialidad.java
C:\Users\abraham.murillo\git\mdm\map\src\main\java\mx\org\inegi\geo\map\domain\WKT.java
C:\Users\abraham.murillo\git\mdm\map\src\main\java\mx\org\inegi\geo\map\exception\IdentifyZmException.java
C:\Users\abraham.murillo\git\mdm\map\src\main\java\mx\org\inegi\geo\map\exception\NoQualifiedFieldsException.java
C:\Users\abraham.murillo\git\mdm\map\src\main\java\mx\org\inegi\geo\map\exception\TimeFrameException.java
C:\Users\abraham.murillo\git\mdm\map\src\main\java\mx\org\inegi\geo\map\filter\CORSFilter.java
C:\Users\abraham.murillo\git\mdm\map\src\main\java\mx\org\inegi\geo\map\handler\ErrorHandler.java
C:\Users\abraham.murillo\git\mdm\map\src\main\java\mx\org\inegi\geo\map\mapper\BufferMapper.java
C:\Users\abraham.murillo\git\mdm\map\src\main\java\mx\org\inegi\geo\map\mapper\CensoLabelMapper.java
C:\Users\abraham.murillo\git\mdm\map\src\main\java\mx\org\inegi\geo\map\mapper\DenueLabelMapper.java
C:\Users\abraham.murillo\git\mdm\map\src\main\java\mx\org\inegi\geo\map\mapper\DenueMapper.java
C:\Users\abraham.murillo\git\mdm\map\src\main\java\mx\org\inegi\geo\map\mapper\ExportMapper.java
C:\Users\abraham.murillo\git\mdm\map\src\main\java\mx\org\inegi\geo\map\mapper\IndicadoresCGMapper.java
C:\Users\abraham.murillo\git\mdm\map\src\main\java\mx\org\inegi\geo\map\mapper\LayerStatsMapper.java
C:\Users\abraham.murillo\git\mdm\map\src\main\java\mx\org\inegi\geo\map\mapper\NameCGMapper.java
C:\Users\abraham.murillo\git\mdm\map\src\main\java\mx\org\inegi\geo\map\mapper\NameMapper.java
C:\Users\abraham.murillo\git\mdm\map\src\main\java\mx\org\inegi\geo\map\mapper\RasterElevationMapper.java
C:\Users\abraham.murillo\git\mdm\map\src\main\java\mx\org\inegi\geo\map\mapper\ReverseGeocodingMapper.java
C:\Users\abraham.murillo\git\mdm\map\src\main\java\mx\org\inegi\geo\map\mapper\ScianMapper.java
C:\Users\abraham.murillo\git\mdm\map\src\main\java\mx\org\inegi\geo\map\mapper\SectorMapper.java
C:\Users\abraham.murillo\git\mdm\map\src\main\java\mx\org\inegi\geo\map\mapper\ShareMapMapper.java
C:\Users\abraham.murillo\git\mdm\map\src\main\java\mx\org\inegi\geo\map\mapper\ThemeCGLabelMapper.java
C:\Users\abraham.murillo\git\mdm\map\src\main\java\mx\org\inegi\geo\map\mapper\ThemeCGMapper.java
C:\Users\abraham.murillo\git\mdm\map\src\main\java\mx\org\inegi\geo\map\mapper\ThemeMapper.java
C:\Users\abraham.murillo\git\mdm\map\src\main\java\mx\org\inegi\geo\map\mapper\ToolsMapper.java
C:\Users\abraham.murillo\git\mdm\map\src\main\java\mx\org\inegi\geo\map\mapper\TrackingMapper.java
C:\Users\abraham.murillo\git\mdm\map\src\main\java\mx\org\inegi\geo\map\mapper\WktMapper.java
C:\Users\abraham.murillo\git\mdm\map\src\main\java\mx\org\inegi\geo\map\model\AmcaSelectInfo.java
C:\Users\abraham.murillo\git\mdm\map\src\main\java\mx\org\inegi\geo\map\model\CensoLabelGraphicInfo.java
C:\Users\abraham.murillo\git\mdm\map\src\main\java\mx\org\inegi\geo\map\model\CensoLabelInfo.java
C:\Users\abraham.murillo\git\mdm\map\src\main\java\mx\org\inegi\geo\map\model\CensoLevel.java
C:\Users\abraham.murillo\git\mdm\map\src\main\java\mx\org\inegi\geo\map\model\ExportXls.java
C:\Users\abraham.murillo\git\mdm\map\src\main\java\mx\org\inegi\geo\map\model\Field.java
C:\Users\abraham.murillo\git\mdm\map\src\main\java\mx\org\inegi\geo\map\model\FieldCensos.java
C:\Users\abraham.murillo\git\mdm\map\src\main\java\mx\org\inegi\geo\map\model\Fields.java
C:\Users\abraham.murillo\git\mdm\map\src\main\java\mx\org\inegi\geo\map\model\FieldWithType.java
C:\Users\abraham.murillo\git\mdm\map\src\main\java\mx\org\inegi\geo\map\model\GeometryPoint.java
C:\Users\abraham.murillo\git\mdm\map\src\main\java\mx\org\inegi\geo\map\model\GeospatialFunction.java
C:\Users\abraham.murillo\git\mdm\map\src\main\java\mx\org\inegi\geo\map\model\IdentifyInfo.java
C:\Users\abraham.murillo\git\mdm\map\src\main\java\mx\org\inegi\geo\map\model\IdentifyZmInfo.java
C:\Users\abraham.murillo\git\mdm\map\src\main\java\mx\org\inegi\geo\map\model\IndentifyLayerInfo.java
C:\Users\abraham.murillo\git\mdm\map\src\main\java\mx\org\inegi\geo\map\model\IndentifySearchLayerInfo.java
C:\Users\abraham.murillo\git\mdm\map\src\main\java\mx\org\inegi\geo\map\model\LabelInfo.java
C:\Users\abraham.murillo\git\mdm\map\src\main\java\mx\org\inegi\geo\map\model\LayerStats.java
C:\Users\abraham.murillo\git\mdm\map\src\main\java\mx\org\inegi\geo\map\model\ListDenueInfo.java
C:\Users\abraham.murillo\git\mdm\map\src\main\java\mx\org\inegi\geo\map\model\Mailinfo.java
C:\Users\abraham.murillo\git\mdm\map\src\main\java\mx\org\inegi\geo\map\model\NameCvegeoInfo.java
C:\Users\abraham.murillo\git\mdm\map\src\main\java\mx\org\inegi\geo\map\model\Point.java
C:\Users\abraham.murillo\git\mdm\map\src\main\java\mx\org\inegi\geo\map\model\PointResolution.java
C:\Users\abraham.murillo\git\mdm\map\src\main\java\mx\org\inegi\geo\map\model\QueryInfo.java
C:\Users\abraham.murillo\git\mdm\map\src\main\java\mx\org\inegi\geo\map\model\QueryTotalsInfo.java
C:\Users\abraham.murillo\git\mdm\map\src\main\java\mx\org\inegi\geo\map\model\ResolutionLevel.java
C:\Users\abraham.murillo\git\mdm\map\src\main\java\mx\org\inegi\geo\map\model\SchemaAndTableCG.java
C:\Users\abraham.murillo\git\mdm\map\src\main\java\mx\org\inegi\geo\map\model\ScianInfo.java
C:\Users\abraham.murillo\git\mdm\map\src\main\java\mx\org\inegi\geo\map\model\ScianType.java
C:\Users\abraham.murillo\git\mdm\map\src\main\java\mx\org\inegi\geo\map\model\SectorTable.java
C:\Users\abraham.murillo\git\mdm\map\src\main\java\mx\org\inegi\geo\map\model\StreetCrossing.java
C:\Users\abraham.murillo\git\mdm\map\src\main\java\mx\org\inegi\geo\map\model\ThemeCGInfo.java
C:\Users\abraham.murillo\git\mdm\map\src\main\java\mx\org\inegi\geo\map\model\ThemeInfo.java
C:\Users\abraham.murillo\git\mdm\map\src\main\java\mx\org\inegi\geo\map\model\ThemeMinMax.java
C:\Users\abraham.murillo\git\mdm\map\src\main\java\mx\org\inegi\geo\map\report\CsvReport.java
C:\Users\abraham.murillo\git\mdm\map\src\main\java\mx\org\inegi\geo\map\report\PdfReport.java
C:\Users\abraham.murillo\git\mdm\map\src\main\java\mx\org\inegi\geo\map\report\QueryTotalsReport.java
C:\Users\abraham.murillo\git\mdm\map\src\main\java\mx\org\inegi\geo\map\report\QueryTotalsReportCsv.java
C:\Users\abraham.murillo\git\mdm\map\src\main\java\mx\org\inegi\geo\map\report\XlsReport.java
C:\Users\abraham.murillo\git\mdm\map\src\main\java\mx\org\inegi\geo\map\report\ZipReport.java
C:\Users\abraham.murillo\git\mdm\map\src\main\java\mx\org\inegi\geo\map\service\BufferService.java
C:\Users\abraham.murillo\git\mdm\map\src\main\java\mx\org\inegi\geo\map\service\CensoLabelService.java
C:\Users\abraham.murillo\git\mdm\map\src\main\java\mx\org\inegi\geo\map\service\DenueLabelsService.java
C:\Users\abraham.murillo\git\mdm\map\src\main\java\mx\org\inegi\geo\map\service\DenueService.java
C:\Users\abraham.murillo\git\mdm\map\src\main\java\mx\org\inegi\geo\map\service\ExportService.java
C:\Users\abraham.murillo\git\mdm\map\src\main\java\mx\org\inegi\geo\map\service\GenericService.java
C:\Users\abraham.murillo\git\mdm\map\src\main\java\mx\org\inegi\geo\map\service\impl\BufferServiceImpl.java
C:\Users\abraham.murillo\git\mdm\map\src\main\java\mx\org\inegi\geo\map\service\impl\CensoLabelServiceImpl.java
C:\Users\abraham.murillo\git\mdm\map\src\main\java\mx\org\inegi\geo\map\service\impl\DenueLabelsServiceImpl.java
C:\Users\abraham.murillo\git\mdm\map\src\main\java\mx\org\inegi\geo\map\service\impl\DenueServiceImpl.java
C:\Users\abraham.murillo\git\mdm\map\src\main\java\mx\org\inegi\geo\map\service\impl\ExportServiceImpl.java
C:\Users\abraham.murillo\git\mdm\map\src\main\java\mx\org\inegi\geo\map\service\impl\GenericServiceImpl.java
C:\Users\abraham.murillo\git\mdm\map\src\main\java\mx\org\inegi\geo\map\service\impl\IndicadoresCGServiceImpl.java
C:\Users\abraham.murillo\git\mdm\map\src\main\java\mx\org\inegi\geo\map\service\impl\LayerStatsServiceImpl.java
C:\Users\abraham.murillo\git\mdm\map\src\main\java\mx\org\inegi\geo\map\service\impl\NameCGServiceImpl.java
C:\Users\abraham.murillo\git\mdm\map\src\main\java\mx\org\inegi\geo\map\service\impl\NameCvegeoServiceImpl.java
C:\Users\abraham.murillo\git\mdm\map\src\main\java\mx\org\inegi\geo\map\service\impl\RasterElevationServiceImpl.java
C:\Users\abraham.murillo\git\mdm\map\src\main\java\mx\org\inegi\geo\map\service\impl\ReverseGeocodingServiceImpl.java
C:\Users\abraham.murillo\git\mdm\map\src\main\java\mx\org\inegi\geo\map\service\impl\ScianServiceImpl.java
C:\Users\abraham.murillo\git\mdm\map\src\main\java\mx\org\inegi\geo\map\service\impl\SectorServiceImpl.java
C:\Users\abraham.murillo\git\mdm\map\src\main\java\mx\org\inegi\geo\map\service\impl\ShareMapServiceImpl.java
C:\Users\abraham.murillo\git\mdm\map\src\main\java\mx\org\inegi\geo\map\service\impl\ThemeCGLabelServiceImpl.java
C:\Users\abraham.murillo\git\mdm\map\src\main\java\mx\org\inegi\geo\map\service\impl\ThemeCGServiceImpl.java
C:\Users\abraham.murillo\git\mdm\map\src\main\java\mx\org\inegi\geo\map\service\impl\ThemeServiceImpl.java
C:\Users\abraham.murillo\git\mdm\map\src\main\java\mx\org\inegi\geo\map\service\impl\ToolsServiceImpl.java
C:\Users\abraham.murillo\git\mdm\map\src\main\java\mx\org\inegi\geo\map\service\impl\TrackingServiceImpl.java
C:\Users\abraham.murillo\git\mdm\map\src\main\java\mx\org\inegi\geo\map\service\impl\WktServiceImpl.java
C:\Users\abraham.murillo\git\mdm\map\src\main\java\mx\org\inegi\geo\map\service\IndicadoresCGService.java
C:\Users\abraham.murillo\git\mdm\map\src\main\java\mx\org\inegi\geo\map\service\LayerStatsService.java
C:\Users\abraham.murillo\git\mdm\map\src\main\java\mx\org\inegi\geo\map\service\NameCGService.java
C:\Users\abraham.murillo\git\mdm\map\src\main\java\mx\org\inegi\geo\map\service\NameCvegeoService.java
C:\Users\abraham.murillo\git\mdm\map\src\main\java\mx\org\inegi\geo\map\service\RasterElevationService.java
C:\Users\abraham.murillo\git\mdm\map\src\main\java\mx\org\inegi\geo\map\service\ReverseGeocodingService.java
C:\Users\abraham.murillo\git\mdm\map\src\main\java\mx\org\inegi\geo\map\service\ScianService.java
C:\Users\abraham.murillo\git\mdm\map\src\main\java\mx\org\inegi\geo\map\service\SectorService.java
C:\Users\abraham.murillo\git\mdm\map\src\main\java\mx\org\inegi\geo\map\service\ShareMapService.java
C:\Users\abraham.murillo\git\mdm\map\src\main\java\mx\org\inegi\geo\map\service\ThemeCGLabelService.java
C:\Users\abraham.murillo\git\mdm\map\src\main\java\mx\org\inegi\geo\map\service\ThemeCGService.java
C:\Users\abraham.murillo\git\mdm\map\src\main\java\mx\org\inegi\geo\map\service\ThemeService.java
C:\Users\abraham.murillo\git\mdm\map\src\main\java\mx\org\inegi\geo\map\service\ToolsService.java
C:\Users\abraham.murillo\git\mdm\map\src\main\java\mx\org\inegi\geo\map\service\TrackingService.java
C:\Users\abraham.murillo\git\mdm\map\src\main\java\mx\org\inegi\geo\map\service\WktService.java
C:\Users\abraham.murillo\git\mdm\map\src\main\java\mx\org\inegi\geo\map\sql\creator\AmcaLabelTerrenoSqlCreator.java
C:\Users\abraham.murillo\git\mdm\map\src\main\java\mx\org\inegi\geo\map\sql\creator\EnergySqlCreator.java
C:\Users\abraham.murillo\git\mdm\map\src\main\java\mx\org\inegi\geo\map\sql\creator\GeometryByCvegeoSqlCreator.java
C:\Users\abraham.murillo\git\mdm\map\src\main\java\mx\org\inegi\geo\map\sql\creator\GeometryByPointSqlCreator.java
C:\Users\abraham.murillo\git\mdm\map\src\main\java\mx\org\inegi\geo\map\sql\creator\IdentifyLayerSqlCreator.java
C:\Users\abraham.murillo\git\mdm\map\src\main\java\mx\org\inegi\geo\map\sql\creator\IdentifyRasterSqlCreator.java
C:\Users\abraham.murillo\git\mdm\map\src\main\java\mx\org\inegi\geo\map\sql\creator\IdentifySqlCreator.java
C:\Users\abraham.murillo\git\mdm\map\src\main\java\mx\org\inegi\geo\map\sql\creator\IdentifyZmParameterizedSqlCreator.java
C:\Users\abraham.murillo\git\mdm\map\src\main\java\mx\org\inegi\geo\map\sql\creator\IndentifySearchLayerSqlCreator.java
C:\Users\abraham.murillo\git\mdm\map\src\main\java\mx\org\inegi\geo\map\sql\creator\QuerySqlCreator.java
C:\Users\abraham.murillo\git\mdm\map\src\main\java\mx\org\inegi\geo\map\sql\creator\QueryTotalsCountSqlCreator.java
C:\Users\abraham.murillo\git\mdm\map\src\main\java\mx\org\inegi\geo\map\sql\creator\QueryTotalsReportSqlCreator.java
C:\Users\abraham.murillo\git\mdm\map\src\main\java\mx\org\inegi\geo\map\sql\creator\QueryTotalsSqlCreator.java
C:\Users\abraham.murillo\git\mdm\map\src\main\java\mx\org\inegi\geo\map\sql\creator\StreetCrossingSqlCreator.java
C:\Users\abraham.murillo\git\mdm\map\src\main\java\mx\org\inegi\geo\map\sql\creator\TotalsSqlCreator.java
C:\Users\abraham.murillo\git\mdm\map\src\main\java\mx\org\inegi\geo\map\sql\creator\WktSqlCreator.java
C:\Users\abraham.murillo\git\mdm\map\src\main\java\mx\org\inegi\geo\map\sql\postgis\PostgisFunctions.java
C:\Users\abraham.murillo\git\mdm\map\src\main\java\mx\org\inegi\geo\map\sql\postgis\SRID.java
C:\Users\abraham.murillo\git\mdm\map\src\main\java\mx\org\inegi\geo\map\sql\util\BufferTable.java
C:\Users\abraham.murillo\git\mdm\map\src\main\java\mx\org\inegi\geo\map\sql\util\CustomSqlFunctions.java
C:\Users\abraham.murillo\git\mdm\map\src\main\java\mx\org\inegi\geo\map\sql\util\NumberValidation.java
C:\Users\abraham.murillo\git\mdm\map\src\main\java\mx\org\inegi\geo\map\sql\util\SQLElement.java
C:\Users\abraham.murillo\git\mdm\map\src\main\java\mx\org\inegi\geo\map\sql\util\SqlStringUtils.java
C:\Users\abraham.murillo\git\mdm\map\src\main\java\mx\org\inegi\geo\map\util\comparator\Comparators.java
C:\Users\abraham.murillo\git\mdm\map\src\main\java\mx\org\inegi\geo\map\utils\CensoUtils.java
C:\Users\abraham.murillo\git\mdm\map\src\main\java\mx\org\inegi\geo\map\utils\DenueUtils.java
C:\Users\abraham.murillo\git\mdm\map\src\main\java\mx\org\inegi\geo\map\utils\geotools\Connection.java
C:\Users\abraham.murillo\git\mdm\map\src\main\java\mx\org\inegi\geo\map\utils\geotools\Shape.java
C:\Users\abraham.murillo\git\mdm\map\src\main\java\mx\org\inegi\geo\map\utils\Pagination.java
C:\Users\abraham.murillo\git\mdm\map\src\main\java\mx\org\inegi\geo\map\utils\SensorTableUtil.java
C:\Users\abraham.murillo\git\mdm\map\src\main\java\mx\org\inegi\geo\map\utils\StreetCrossingParser.java
C:\Users\abraham.murillo\git\mdm\map\src\main\java\mx\org\inegi\geo\map\utils\TimeFrameUtil.java
C:\Users\abraham.murillo\git\mdm\map\src\main\java\mx\org\inegi\geo\map\web\controller\BufferController.java
C:\Users\abraham.murillo\git\mdm\map\src\main\java\mx\org\inegi\geo\map\web\controller\CensoLabelController.java
C:\Users\abraham.murillo\git\mdm\map\src\main\java\mx\org\inegi\geo\map\web\controller\DenueController.java
C:\Users\abraham.murillo\git\mdm\map\src\main\java\mx\org\inegi\geo\map\web\controller\DenueLabelsController.java
C:\Users\abraham.murillo\git\mdm\map\src\main\java\mx\org\inegi\geo\map\web\controller\ExportController.java
C:\Users\abraham.murillo\git\mdm\map\src\main\java\mx\org\inegi\geo\map\web\controller\ExportZipController.java
C:\Users\abraham.murillo\git\mdm\map\src\main\java\mx\org\inegi\geo\map\web\controller\FieldTypesController.java
C:\Users\abraham.murillo\git\mdm\map\src\main\java\mx\org\inegi\geo\map\web\controller\GeometryController.java
C:\Users\abraham.murillo\git\mdm\map\src\main\java\mx\org\inegi\geo\map\web\controller\HomeController.java
C:\Users\abraham.murillo\git\mdm\map\src\main\java\mx\org\inegi\geo\map\web\controller\IdentifyController.java
C:\Users\abraham.murillo\git\mdm\map\src\main\java\mx\org\inegi\geo\map\web\controller\IndicadoresCGController.java
C:\Users\abraham.murillo\git\mdm\map\src\main\java\mx\org\inegi\geo\map\web\controller\LayerStatsController.java
C:\Users\abraham.murillo\git\mdm\map\src\main\java\mx\org\inegi\geo\map\web\controller\NameCGController.java
C:\Users\abraham.murillo\git\mdm\map\src\main\java\mx\org\inegi\geo\map\web\controller\NameCvegeoController.java
C:\Users\abraham.murillo\git\mdm\map\src\main\java\mx\org\inegi\geo\map\web\controller\QRController.java
C:\Users\abraham.murillo\git\mdm\map\src\main\java\mx\org\inegi\geo\map\web\controller\QueryController.java
C:\Users\abraham.murillo\git\mdm\map\src\main\java\mx\org\inegi\geo\map\web\controller\RasterElevationController.java
C:\Users\abraham.murillo\git\mdm\map\src\main\java\mx\org\inegi\geo\map\web\controller\ReloadData.java
C:\Users\abraham.murillo\git\mdm\map\src\main\java\mx\org\inegi\geo\map\web\controller\ReverseGeocodingController.java
C:\Users\abraham.murillo\git\mdm\map\src\main\java\mx\org\inegi\geo\map\web\controller\ScianController.java
C:\Users\abraham.murillo\git\mdm\map\src\main\java\mx\org\inegi\geo\map\web\controller\SectorController.java
C:\Users\abraham.murillo\git\mdm\map\src\main\java\mx\org\inegi\geo\map\web\controller\ShareMapController.java
C:\Users\abraham.murillo\git\mdm\map\src\main\java\mx\org\inegi\geo\map\web\controller\StreetController.java
C:\Users\abraham.murillo\git\mdm\map\src\main\java\mx\org\inegi\geo\map\web\controller\ThemeCGController.java
C:\Users\abraham.murillo\git\mdm\map\src\main\java\mx\org\inegi\geo\map\web\controller\ThemeCGLabelController.java
C:\Users\abraham.murillo\git\mdm\map\src\main\java\mx\org\inegi\geo\map\web\controller\ThemeController.java
C:\Users\abraham.murillo\git\mdm\map\src\main\java\mx\org\inegi\geo\map\web\controller\ToolsController.java
C:\Users\abraham.murillo\git\mdm\map\src\main\java\mx\org\inegi\geo\map\web\controller\TotalsController.java
C:\Users\abraham.murillo\git\mdm\map\src\main\java\mx\org\inegi\geo\map\web\controller\TotalsReportController.java
C:\Users\abraham.murillo\git\mdm\map\src\main\java\mx\org\inegi\geo\map\web\controller\TrackingController.java
C:\Users\abraham.murillo\git\mdm\map\src\main\java\mx\org\inegi\geo\map\web\controller\WktController.java
C:\Users\abraham.murillo\git\mdm\map\src\main\java\mx\org\inegi\geo\map\web\response\TableResponse.java
C:\Users\abraham.murillo\git\mdm\map\src\main\java\mx\org\inegi\geo\map\web\response\TableZmResponse.java
